<?xml version="1.0" encoding="UTF-8"?>
<!-- Generated by org.testng.reporters.JUnitReportReporter -->
<testsuite hostname="Praful" failures="0" tests="6" name="TestRunner.RunnerTest" time="68.466" errors="0" timestamp="2025-01-09T19:49:18 IST" skipped="0">
  <testcase classname="TestRunner.RunnerTest" name="runScenario" time="11.931"/>
  <system-out/>
  <testcase classname="TestRunner.RunnerTest" name="runScenario" time="12.099"/>
  <system-out/>
  <testcase classname="TestRunner.RunnerTest" name="runScenario" time="12.505"/>
  <system-out/>
  <testcase classname="TestRunner.RunnerTest" name="runScenario" time="13.821"/>
  <system-out/>
  <testcase classname="TestRunner.RunnerTest" name="runScenario" time="3.215"/>
  <system-out/>
  <testcase classname="TestRunner.RunnerTest" name="runScenario" time="14.895"/>
  <system-out/>
</testsuite> <!-- TestRunner.RunnerTest -->
